<?xml version="1.0" encoding="UTF-8"?>
<!-- Generated by org.testng.reporters.JUnitReportReporter -->
<testsuite hostname="DESKTOP-4CPE7LM" failures="0" tests="1" name="coverFoxTestStudy.CoverFoxTC_POM_EXCEL" time="4.149" errors="0" timestamp="2024-08-10T20:13:38 IST" skipped="0">
  <testcase classname="coverFoxTestStudy.CoverFoxTC_POM_EXCEL" name="validateBanners" time="4.149"/>
</testsuite> <!-- coverFoxTestStudy.CoverFoxTC_POM_EXCEL -->
