<?xml version="1.0" encoding="UTF-8"?>
<!-- Generated by org.testng.reporters.JUnitReportReporter -->
<testsuite hostname="DESKTOP-4CPE7LM" failures="0" tests="2" name="coverFoxTestStudy.CoverFoxTC2UsingPOM" time="8.456" errors="0" timestamp="2024-08-21T21:57:46 IST" skipped="0">
  <testcase classname="coverFoxTestStudy.CoverFoxTC2UsingPOM" name="validateBanners" time="4.235">
    <system-out>
      <![CDATA[validateBanners TC execution started]]>
    </system-out>
  </testcase> <!-- validateBanners -->
  <testcase classname="coverFoxTestStudy.CoverFoxTC2UsingPOM" name="validatePresenceOfSortButton" time="4.221">
    <system-out>
      <![CDATA[validatePresenceOfSortButton TC execution started]]>
    </system-out>
  </testcase> <!-- validatePresenceOfSortButton -->
  <system-out>
    <![CDATA[launching browser
waiting...
validateBanners TC execution started
validatePresenceOfSortButton TC execution started
closing browser]]>
  </system-out>
</testsuite> <!-- coverFoxTestStudy.CoverFoxTC2UsingPOM -->
