<?xml version="1.0" encoding="UTF-8"?>
<!-- Generated by org.testng.reporters.JUnitReportReporter -->
<testsuite hostname="DESKTOP-4CPE7LM" failures="0" tests="1" name="coverFoxTestStudy.CoverFoxTC_POM_EXCEL" time="4.105" errors="0" timestamp="2024-08-19T19:33:05 IST" skipped="0">
  <testcase classname="coverFoxTestStudy.CoverFoxTC_POM_EXCEL" name="validateBanners" time="4.105">
    <system-out>
      <![CDATA[validateBanners TC execution started]]>
    </system-out>
  </testcase> <!-- validateBanners -->
  <system-out>
    <![CDATA[launching browser
waiting...
validateBanners TC execution started
closing browser]]>
  </system-out>
</testsuite> <!-- coverFoxTestStudy.CoverFoxTC_POM_EXCEL -->
